<?xml version="1.0" encoding="UTF-8"?>
<!-- Generated by org.testng.reporters.JUnitReportReporter -->
<testsuite hostname="LAPTOP-HSFEAB53" failures="0" tests="1" name="TestCases.TC_LoginTest" time="49.208" errors="0" timestamp="2023-07-18T22:42:27 IST" skipped="0">
  <testcase classname="TestCases.TC_LoginTest" name="loginTest" time="49.208"/>
  <system-out/>
</testsuite> <!-- TestCases.TC_LoginTest -->
