<?xml version="1.0" encoding="UTF-8"?>
<!-- Generated by org.testng.reporters.JUnitReportReporter -->
<testsuite hostname="LAPTOP-HSFEAB53" failures="0" tests="1" name="TestCases.TC_loginTest" time="39.044" errors="0" timestamp="2023-07-18T21:24:57 IST" skipped="0">
  <testcase classname="TestCases.TC_loginTest" name="loginTest" time="39.044"/>
  <system-out/>
</testsuite> <!-- TestCases.TC_loginTest -->
